This is pdfTeX, Version 3.1415926-2.5-1.40.14 (TeX Live 2013/Debian) (format=pdflatex 2015.11.10)  19 MAY 2016 10:41
entering extended mode
 restricted \write18 enabled.
 %&-line parsing enabled.
**wikipedia_views.tex
(./wikipedia_views.tex
LaTeX2e <2011/06/27>
Babel <3.9h> and hyphenation patterns for 78 languages loaded.
(/usr/share/texlive/texmf-dist/tex/latex/base/article.cls
Document Class: article 2007/10/19 v1.4h Standard LaTeX document class
(/usr/share/texlive/texmf-dist/tex/latex/base/size10.clo
File: size10.clo 2007/10/19 v1.4h Standard LaTeX file (size option)
)
\c@part=\count79
\c@section=\count80
\c@subsection=\count81
\c@subsubsection=\count82
\c@paragraph=\count83
\c@subparagraph=\count84
\c@figure=\count85
\c@table=\count86
\abovecaptionskip=\skip41
\belowcaptionskip=\skip42
\bibindent=\dimen102
)
(/usr/share/texlive/texmf-dist/tex/latex/graphics/graphicx.sty
Package: graphicx 1999/02/16 v1.0f Enhanced LaTeX Graphics (DPC,SPQR)

(/usr/share/texlive/texmf-dist/tex/latex/graphics/keyval.sty
Package: keyval 1999/03/16 v1.13 key=value parser (DPC)
\KV@toks@=\toks14
)
(/usr/share/texlive/texmf-dist/tex/latex/graphics/graphics.sty
Package: graphics 2009/02/05 v1.0o Standard LaTeX Graphics (DPC,SPQR)

(/usr/share/texlive/texmf-dist/tex/latex/graphics/trig.sty
Package: trig 1999/03/16 v1.09 sin cos tan (DPC)
)
(/usr/share/texlive/texmf-dist/tex/latex/latexconfig/graphics.cfg
File: graphics.cfg 2010/04/23 v1.9 graphics configuration of TeX Live
)
Package graphics Info: Driver file: pdftex.def on input line 91.

(/usr/share/texlive/texmf-dist/tex/latex/pdftex-def/pdftex.def
File: pdftex.def 2011/05/27 v0.06d Graphics/color for pdfTeX

(/usr/share/texlive/texmf-dist/tex/generic/oberdiek/infwarerr.sty
Package: infwarerr 2010/04/08 v1.3 Providing info/warning/error messages (HO)
)
(/usr/share/texlive/texmf-dist/tex/generic/oberdiek/ltxcmds.sty
Package: ltxcmds 2011/11/09 v1.22 LaTeX kernel commands for general use (HO)
)
\Gread@gobject=\count87
))
\Gin@req@height=\dimen103
\Gin@req@width=\dimen104
)
(/usr/share/texlive/texmf-dist/tex/latex/adjustbox/adjustbox.sty
Package: adjustbox 2012/05/21 v1.0 Adjusting TeX boxes (trim, clip, ...)

(/usr/share/texlive/texmf-dist/tex/latex/xkeyval/xkeyval.sty
Package: xkeyval 2012/10/14 v2.6b package option processing (HA)

(/usr/share/texlive/texmf-dist/tex/generic/xkeyval/xkeyval.tex
\XKV@toks=\toks15
\XKV@tempa@toks=\toks16
\XKV@depth=\count88
File: xkeyval.tex 2012/10/14 v2.6b key=value parser (HA)
))
(/usr/share/texlive/texmf-dist/tex/latex/adjustbox/adjcalc.sty
Package: adjcalc 2012/05/16 v1.1 Provides advanced setlength with multiple back
-ends (calc, etex, pgfmath)
)
(/usr/share/texlive/texmf-dist/tex/latex/adjustbox/trimclip.sty
Package: trimclip 2012/05/16 v1.0 Trim and clip general TeX material

(/usr/share/texlive/texmf-dist/tex/latex/collectbox/collectbox.sty
Package: collectbox 2012/05/17 v0.4b Collect macro arguments as boxes
\collectedbox=\box26
)
\tc@llx=\dimen105
\tc@lly=\dimen106
\tc@urx=\dimen107
\tc@ury=\dimen108
Package trimclip Info: Using driver 'tc-pdftex.def'.

(/usr/share/texlive/texmf-dist/tex/latex/adjustbox/tc-pdftex.def
File: tc-pdftex.def 2012/05/13 v1.0 Clipping driver for pdftex
))
\adjbox@Width=\dimen109
\adjbox@Height=\dimen110
\adjbox@Depth=\dimen111
\adjbox@Totalheight=\dimen112

(/usr/share/texlive/texmf-dist/tex/latex/ifoddpage/ifoddpage.sty
Package: ifoddpage 2011/09/13 v1.0 Conditionals for odd/even page detection
\c@checkoddpage=\count89
)
(/usr/share/texlive/texmf-dist/tex/latex/varwidth/varwidth.sty
Package: varwidth 2009/03/30 ver 0.92;  Variable-width minipages
\@vwid@box=\box27
\sift@deathcycles=\count90
\@vwid@loff=\dimen113
\@vwid@roff=\dimen114
))
(/usr/share/texlive/texmf-dist/tex/latex/graphics/color.sty
Package: color 2005/11/14 v1.0j Standard LaTeX Color (DPC)

(/usr/share/texlive/texmf-dist/tex/latex/latexconfig/color.cfg
File: color.cfg 2007/01/18 v1.5 color configuration of teTeX/TeXLive
)
Package color Info: Driver file: pdftex.def on input line 130.
)
(/usr/share/texlive/texmf-dist/tex/latex/tools/enumerate.sty
Package: enumerate 1999/03/05 v3.00 enumerate extensions (DPC)
\@enLab=\toks17
)
(/usr/share/texlive/texmf-dist/tex/latex/geometry/geometry.sty
Package: geometry 2010/09/12 v5.6 Page Geometry

(/usr/share/texlive/texmf-dist/tex/generic/oberdiek/ifpdf.sty
Package: ifpdf 2011/01/30 v2.3 Provides the ifpdf switch (HO)
Package ifpdf Info: pdfTeX in PDF mode is detected.
)
(/usr/share/texlive/texmf-dist/tex/generic/oberdiek/ifvtex.sty
Package: ifvtex 2010/03/01 v1.5 Detect VTeX and its facilities (HO)
Package ifvtex Info: VTeX not detected.
)
(/usr/share/texlive/texmf-dist/tex/generic/ifxetex/ifxetex.sty
Package: ifxetex 2010/09/12 v0.6 Provides ifxetex conditional
)
\Gm@cnth=\count91
\Gm@cntv=\count92
\c@Gm@tempcnt=\count93
\Gm@bindingoffset=\dimen115
\Gm@wd@mp=\dimen116
\Gm@odd@mp=\dimen117
\Gm@even@mp=\dimen118
\Gm@layoutwidth=\dimen119
\Gm@layoutheight=\dimen120
\Gm@layouthoffset=\dimen121
\Gm@layoutvoffset=\dimen122
\Gm@dimlist=\toks18
)
(/usr/share/texlive/texmf-dist/tex/latex/amsmath/amsmath.sty
Package: amsmath 2013/01/14 v2.14 AMS math features
\@mathmargin=\skip43

For additional information on amsmath, use the `?' option.
(/usr/share/texlive/texmf-dist/tex/latex/amsmath/amstext.sty
Package: amstext 2000/06/29 v2.01

(/usr/share/texlive/texmf-dist/tex/latex/amsmath/amsgen.sty
File: amsgen.sty 1999/11/30 v2.0
\@emptytoks=\toks19
\ex@=\dimen123
))
(/usr/share/texlive/texmf-dist/tex/latex/amsmath/amsbsy.sty
Package: amsbsy 1999/11/29 v1.2d
\pmbraise@=\dimen124
)
(/usr/share/texlive/texmf-dist/tex/latex/amsmath/amsopn.sty
Package: amsopn 1999/12/14 v2.01 operator names
)
\inf@bad=\count94
LaTeX Info: Redefining \frac on input line 210.
\uproot@=\count95
\leftroot@=\count96
LaTeX Info: Redefining \overline on input line 306.
\classnum@=\count97
\DOTSCASE@=\count98
LaTeX Info: Redefining \ldots on input line 378.
LaTeX Info: Redefining \dots on input line 381.
LaTeX Info: Redefining \cdots on input line 466.
\Mathstrutbox@=\box28
\strutbox@=\box29
\big@size=\dimen125
LaTeX Font Info:    Redeclaring font encoding OML on input line 566.
LaTeX Font Info:    Redeclaring font encoding OMS on input line 567.
\macc@depth=\count99
\c@MaxMatrixCols=\count100
\dotsspace@=\muskip10
\c@parentequation=\count101
\dspbrk@lvl=\count102
\tag@help=\toks20
\row@=\count103
\column@=\count104
\maxfields@=\count105
\andhelp@=\toks21
\eqnshift@=\dimen126
\alignsep@=\dimen127
\tagshift@=\dimen128
\tagwidth@=\dimen129
\totwidth@=\dimen130
\lineht@=\dimen131
\@envbody=\toks22
\multlinegap=\skip44
\multlinetaggap=\skip45
\mathdisplay@stack=\toks23
LaTeX Info: Redefining \[ on input line 2665.
LaTeX Info: Redefining \] on input line 2666.
)
(/usr/share/texlive/texmf-dist/tex/latex/amsfonts/amssymb.sty
Package: amssymb 2013/01/14 v3.01 AMS font symbols

(/usr/share/texlive/texmf-dist/tex/latex/amsfonts/amsfonts.sty
Package: amsfonts 2013/01/14 v3.01 Basic AMSFonts support
\symAMSa=\mathgroup4
\symAMSb=\mathgroup5
LaTeX Font Info:    Overwriting math alphabet `\mathfrak' in version `bold'
(Font)                  U/euf/m/n --> U/euf/b/n on input line 106.
))
(/usr/share/texlive/texmf-dist/tex/latex/eurosym/eurosym.sty
Package: eurosym 1998/08/06 v1.1 European currency symbol ``Euro''
\@eurobox=\box30
)
(/usr/share/texlive/texmf-dist/tex/latex/ucs/ucs.sty
Package: ucs 2013/05/11 v2.2 UCS: Unicode input support

(/usr/share/texlive/texmf-dist/tex/latex/ucs/data/uni-global.def
File: uni-global.def 2013/05/13 UCS: Unicode global data
)
\uc@secondtry=\count106
\uc@combtoks=\toks24
\uc@combtoksb=\toks25
\uc@temptokena=\toks26
)
(/usr/share/texlive/texmf-dist/tex/latex/base/inputenc.sty
Package: inputenc 2008/03/30 v1.1d Input encoding file
\inpenc@prehook=\toks27
\inpenc@posthook=\toks28

(/usr/share/texlive/texmf-dist/tex/latex/ucs/utf8x.def
File: utf8x.def 2004/10/17 UCS: Input encoding UTF-8
))
(/usr/share/texlive/texmf-dist/tex/latex/fancyvrb/fancyvrb.sty
Package: fancyvrb 2008/02/07

Style option: `fancyvrb' v2.7a, with DG/SPQR fixes, and firstline=lastline fix 
<2008/02/07> (tvz)
\FV@CodeLineNo=\count107
\FV@InFile=\read1
\FV@TabBox=\box31
\c@FancyVerbLine=\count108
\FV@StepNumber=\count109
\FV@OutFile=\write3
)
(/usr/share/texlive/texmf-dist/tex/latex/oberdiek/grffile.sty
Package: grffile 2012/04/05 v1.16 Extended file name support for graphics (HO)

(/usr/share/texlive/texmf-dist/tex/latex/oberdiek/kvoptions.sty
Package: kvoptions 2011/06/30 v3.11 Key value format for package options (HO)

(/usr/share/texlive/texmf-dist/tex/generic/oberdiek/kvsetkeys.sty
Package: kvsetkeys 2012/04/25 v1.16 Key value parser (HO)

(/usr/share/texlive/texmf-dist/tex/generic/oberdiek/etexcmds.sty
Package: etexcmds 2011/02/16 v1.5 Avoid name clashes with e-TeX commands (HO)

(/usr/share/texlive/texmf-dist/tex/generic/oberdiek/ifluatex.sty
Package: ifluatex 2010/03/01 v1.3 Provides the ifluatex switch (HO)
Package ifluatex Info: LuaTeX not detected.
)
Package etexcmds Info: Could not find \expanded.
(etexcmds)             That can mean that you are not using pdfTeX 1.50 or
(etexcmds)             that some package has redefined \expanded.
(etexcmds)             In the latter case, load this package earlier.
)))
(/usr/share/texlive/texmf-dist/tex/generic/oberdiek/pdftexcmds.sty
Package: pdftexcmds 2011/11/29 v0.20 Utility functions of pdfTeX for LuaTeX (HO
)
Package pdftexcmds Info: LuaTeX not detected.
Package pdftexcmds Info: \pdf@primitive is available.
Package pdftexcmds Info: \pdf@ifprimitive is available.
Package pdftexcmds Info: \pdfdraftmode found.
)
Package grffile Info: Option `multidot' is set to `true'.
Package grffile Info: Option `extendedchars' is set to `false'.
Package grffile Info: Option `space' is set to `true'.
Package grffile Info: \Gin@ii of package `graphicx' fixed on input line 486.
)
(/usr/share/texlive/texmf-dist/tex/latex/hyperref/hyperref.sty
Package: hyperref 2012/11/06 v6.83m Hypertext links for LaTeX

(/usr/share/texlive/texmf-dist/tex/generic/oberdiek/hobsub-hyperref.sty
Package: hobsub-hyperref 2012/05/28 v1.13 Bundle oberdiek, subset hyperref (HO)


(/usr/share/texlive/texmf-dist/tex/generic/oberdiek/hobsub-generic.sty
Package: hobsub-generic 2012/05/28 v1.13 Bundle oberdiek, subset generic (HO)
Package: hobsub 2012/05/28 v1.13 Construct package bundles (HO)
Package hobsub Info: Skipping package `infwarerr' (already loaded).
Package hobsub Info: Skipping package `ltxcmds' (already loaded).
Package hobsub Info: Skipping package `ifluatex' (already loaded).
Package hobsub Info: Skipping package `ifvtex' (already loaded).
Package: intcalc 2007/09/27 v1.1 Expandable calculations with integers (HO)
Package hobsub Info: Skipping package `ifpdf' (already loaded).
Package hobsub Info: Skipping package `etexcmds' (already loaded).
Package hobsub Info: Skipping package `kvsetkeys' (already loaded).
Package: kvdefinekeys 2011/04/07 v1.3 Define keys (HO)
Package hobsub Info: Skipping package `pdftexcmds' (already loaded).
Package: pdfescape 2011/11/25 v1.13 Implements pdfTeX's escape features (HO)
Package: bigintcalc 2012/04/08 v1.3 Expandable calculations on big integers (HO
)
Package: bitset 2011/01/30 v1.1 Handle bit-vector datatype (HO)
Package: uniquecounter 2011/01/30 v1.2 Provide unlimited unique counter (HO)
)
Package hobsub Info: Skipping package `hobsub' (already loaded).
Package: letltxmacro 2010/09/02 v1.4 Let assignment for LaTeX macros (HO)
Package: hopatch 2012/05/28 v1.2 Wrapper for package hooks (HO)
Package: xcolor-patch 2011/01/30 xcolor patch
Package: atveryend 2011/06/30 v1.8 Hooks at the very end of document (HO)
Package atveryend Info: \enddocument detected (standard20110627).
Package: atbegshi 2011/10/05 v1.16 At begin shipout hook (HO)
Package: refcount 2011/10/16 v3.4 Data extraction from label references (HO)
Package: hycolor 2011/01/30 v1.7 Color options for hyperref/bookmark (HO)
)
(/usr/share/texlive/texmf-dist/tex/latex/oberdiek/auxhook.sty
Package: auxhook 2011/03/04 v1.3 Hooks for auxiliary files (HO)
)
\@linkdim=\dimen132
\Hy@linkcounter=\count110
\Hy@pagecounter=\count111

(/usr/share/texlive/texmf-dist/tex/latex/hyperref/pd1enc.def
File: pd1enc.def 2012/11/06 v6.83m Hyperref: PDFDocEncoding definition (HO)
)
\Hy@SavedSpaceFactor=\count112

(/usr/share/texlive/texmf-dist/tex/latex/latexconfig/hyperref.cfg
File: hyperref.cfg 2002/06/06 v1.2 hyperref configuration of TeXLive
)
Package hyperref Info: Hyper figures OFF on input line 4443.
Package hyperref Info: Link nesting OFF on input line 4448.
Package hyperref Info: Hyper index ON on input line 4451.
Package hyperref Info: Plain pages OFF on input line 4458.
Package hyperref Info: Backreferencing OFF on input line 4463.
Package hyperref Info: Implicit mode ON; LaTeX internals redefined.
Package hyperref Info: Bookmarks ON on input line 4688.
\c@Hy@tempcnt=\count113

(/usr/share/texlive/texmf-dist/tex/latex/url/url.sty
\Urlmuskip=\muskip11
Package: url 2013/09/16  ver 3.4  Verb mode for urls, etc.
)
LaTeX Info: Redefining \url on input line 5041.
\XeTeXLinkMargin=\dimen133
\Fld@menulength=\count114
\Field@Width=\dimen134
\Fld@charsize=\dimen135
Package hyperref Info: Hyper figures OFF on input line 6295.
Package hyperref Info: Link nesting OFF on input line 6300.
Package hyperref Info: Hyper index ON on input line 6303.
Package hyperref Info: backreferencing OFF on input line 6310.
Package hyperref Info: Link coloring OFF on input line 6315.
Package hyperref Info: Link coloring with OCG OFF on input line 6320.
Package hyperref Info: PDF/A mode OFF on input line 6325.
LaTeX Info: Redefining \ref on input line 6365.
LaTeX Info: Redefining \pageref on input line 6369.
\Hy@abspage=\count115
\c@Item=\count116
\c@Hfootnote=\count117
)

Package hyperref Message: Driver (autodetected): hpdftex.

(/usr/share/texlive/texmf-dist/tex/latex/hyperref/hpdftex.def
File: hpdftex.def 2012/11/06 v6.83m Hyperref driver for pdfTeX
\Fld@listcount=\count118
\c@bookmark@seq@number=\count119

(/usr/share/texlive/texmf-dist/tex/latex/oberdiek/rerunfilecheck.sty
Package: rerunfilecheck 2011/04/15 v1.7 Rerun checks for auxiliary files (HO)
Package uniquecounter Info: New unique counter `rerunfilecheck' on input line 2
82.
)
\Hy@SectionHShift=\skip46
)
(/usr/share/texlive/texmf-dist/tex/latex/tools/longtable.sty
Package: longtable 2004/02/01 v4.11 Multi-page Table package (DPC)
\LTleft=\skip47
\LTright=\skip48
\LTpre=\skip49
\LTpost=\skip50
\LTchunksize=\count120
\LTcapwidth=\dimen136
\LT@head=\box32
\LT@firsthead=\box33
\LT@foot=\box34
\LT@lastfoot=\box35
\LT@cols=\count121
\LT@rows=\count122
\c@LT@tables=\count123
\c@LT@chunks=\count124
\LT@p@ftn=\toks29
)
(/usr/share/texlive/texmf-dist/tex/latex/booktabs/booktabs.sty
Package: booktabs 2005/04/14 v1.61803 publication quality tables
\heavyrulewidth=\dimen137
\lightrulewidth=\dimen138
\cmidrulewidth=\dimen139
\belowrulesep=\dimen140
\belowbottomsep=\dimen141
\aboverulesep=\dimen142
\abovetopsep=\dimen143
\cmidrulesep=\dimen144
\cmidrulekern=\dimen145
\defaultaddspace=\dimen146
\@cmidla=\count125
\@cmidlb=\count126
\@aboverulesep=\dimen147
\@belowrulesep=\dimen148
\@thisruleclass=\count127
\@lastruleclass=\count128
\@thisrulewidth=\dimen149
)
(/usr/share/texlive/texmf-dist/tex/latex/psnfss/courier.sty
Package: courier 2005/04/12 PSNFSS-v9.2a (WaS) 
)
Package color Info: Redefining color red on input line 52.
Package color Info: Redefining color green on input line 53.
Package color Info: Redefining color blue on input line 55.
Package color Info: Redefining color cyan on input line 57.
Package color Info: Redefining color lightgray on input line 58.
Package hyperref Info: Option `breaklinks' set `true' on input line 213.
Package hyperref Info: Option `colorlinks' set `true' on input line 213.

(./wikipedia_views.aux)
\openout1 = `wikipedia_views.aux'.

LaTeX Font Info:    Checking defaults for OML/cmm/m/it on input line 220.
LaTeX Font Info:    ... okay on input line 220.
LaTeX Font Info:    Checking defaults for T1/cmr/m/n on input line 220.
LaTeX Font Info:    ... okay on input line 220.
LaTeX Font Info:    Checking defaults for OT1/cmr/m/n on input line 220.
LaTeX Font Info:    ... okay on input line 220.
LaTeX Font Info:    Checking defaults for OMS/cmsy/m/n on input line 220.
LaTeX Font Info:    ... okay on input line 220.
LaTeX Font Info:    Checking defaults for OMX/cmex/m/n on input line 220.
LaTeX Font Info:    ... okay on input line 220.
LaTeX Font Info:    Checking defaults for U/cmr/m/n on input line 220.
LaTeX Font Info:    ... okay on input line 220.
LaTeX Font Info:    Checking defaults for PD1/pdf/m/n on input line 220.
LaTeX Font Info:    ... okay on input line 220.

(/usr/share/texlive/texmf-dist/tex/context/base/supp-pdf.mkii
[Loading MPS to PDF converter (version 2006.09.02).]
\scratchcounter=\count129
\scratchdimen=\dimen150
\scratchbox=\box36
\nofMPsegments=\count130
\nofMParguments=\count131
\everyMPshowfont=\toks30
\MPscratchCnt=\count132
\MPscratchDim=\dimen151
\MPnumerator=\count133
\makeMPintoPDFobject=\count134
\everyMPtoPDFconversion=\toks31
) (/usr/share/texlive/texmf-dist/tex/latex/oberdiek/epstopdf-base.sty
Package: epstopdf-base 2010/02/09 v2.5 Base part for package epstopdf

(/usr/share/texlive/texmf-dist/tex/latex/oberdiek/grfext.sty
Package: grfext 2010/08/19 v1.1 Manage graphics extensions (HO)
)
Package grfext Info: Graphics extension search list:
(grfext)             [.png,.pdf,.jpg,.mps,.jpeg,.jbig2,.jb2,.PNG,.PDF,.JPG,.JPE
G,.JBIG2,.JB2,.eps]
(grfext)             \AppendGraphicsExtensions on input line 452.

(/usr/share/texlive/texmf-dist/tex/latex/latexconfig/epstopdf-sys.cfg
File: epstopdf-sys.cfg 2010/07/13 v1.3 Configuration of (r)epstopdf for TeX Liv
e
))
*geometry* driver: auto-detecting
*geometry* detected driver: pdftex

Package geometry Warning: The marginal notes overrun the paper.
     Add 3.73001pt and more to the right margin.

*geometry* verbose mode - [ preamble ] result:
* driver: pdftex
* paper: <default>
* layout: <same size as paper>
* layoutoffset:(h,v)=(0.0pt,0.0pt)
* modes: 
* h-part:(L,W,R)=(72.26999pt, 469.75502pt, 72.26999pt)
* v-part:(T,H,B)=(72.26999pt, 650.43001pt, 72.26999pt)
* \paperwidth=614.295pt
* \paperheight=794.96999pt
* \textwidth=469.75502pt
* \textheight=650.43001pt
* \oddsidemargin=0.0pt
* \evensidemargin=0.0pt
* \topmargin=-37.0pt
* \headheight=12.0pt
* \headsep=25.0pt
* \topskip=10.0pt
* \footskip=30.0pt
* \marginparwidth=65.0pt
* \marginparsep=11.0pt
* \columnsep=10.0pt
* \skip\footins=9.0pt plus 4.0pt minus 2.0pt
* \hoffset=0.0pt
* \voffset=0.0pt
* \mag=1000
* \@twocolumnfalse
* \@twosidefalse
* \@mparswitchfalse
* \@reversemarginfalse
* (1in=72.27pt=25.4mm, 1cm=28.453pt)

(/usr/share/texlive/texmf-dist/tex/latex/ucs/ucsencs.def
File: ucsencs.def 2011/01/21 Fixes to fontencodings LGR, T3
)
\AtBeginShipoutBox=\box37
Package hyperref Info: Link coloring ON on input line 220.

(/usr/share/texlive/texmf-dist/tex/latex/hyperref/nameref.sty
Package: nameref 2012/10/27 v2.43 Cross-referencing by name of section

(/usr/share/texlive/texmf-dist/tex/generic/oberdiek/gettitlestring.sty
Package: gettitlestring 2010/12/03 v1.4 Cleanup title references (HO)
)
\c@section@level=\count135
)
LaTeX Info: Redefining \ref on input line 220.
LaTeX Info: Redefining \pageref on input line 220.
LaTeX Info: Redefining \nameref on input line 220.

(./wikipedia_views.out) (./wikipedia_views.out)
\@outlinefile=\write4
\openout4 = `wikipedia_views.out'.

LaTeX Font Info:    Try loading font information for U+msa on input line 224.

(/usr/share/texlive/texmf-dist/tex/latex/amsfonts/umsa.fd
File: umsa.fd 2013/01/14 v3.01 AMS symbols A
)
LaTeX Font Info:    Try loading font information for U+msb on input line 224.

(/usr/share/texlive/texmf-dist/tex/latex/amsfonts/umsb.fd
File: umsb.fd 2013/01/14 v3.01 AMS symbols B
)
LaTeX Font Info:    Try loading font information for OMS+cmr on input line 246.


(/usr/share/texlive/texmf-dist/tex/latex/base/omscmr.fd
File: omscmr.fd 1999/05/25 v2.5h Standard LaTeX font definitions
)
LaTeX Font Info:    Font shape `OMS/cmr/m/n' in size <10> not available
(Font)              Font shape `OMS/cmsy/m/n' tried instead on input line 246.
LaTeX Font Info:    Try loading font information for OT1+pcr on input line 267.


(/usr/share/texlive/texmf-dist/tex/latex/psnfss/ot1pcr.fd
File: ot1pcr.fd 2001/06/04 font definitions for OT1/pcr.
)
LaTeX Font Info:    Font shape `OT1/pcr/bx/n' in size <10> not available
(Font)              Font shape `OT1/pcr/b/n' tried instead on input line 268.
LaTeX Font Info:    Font shape `OT1/pcr/m/it' in size <10> not available
(Font)              Font shape `OT1/pcr/m/sl' tried instead on input line 286.
 [1

{/var/lib/texmf/fonts/map/pdftex/updmap/pdftex.map}] [2] [3]
<wikipedia_views_files/wikipedia_views_9_1.png, id=127, 1188.44pt x 372.39125pt
>
File: wikipedia_views_files/wikipedia_views_9_1.png Graphic file (type png)
 <use wikipedia_views_files/wikipedia_views_9_1.png>
Package pdftex.def Info: wikipedia_views_files/wikipedia_views_9_1.png used on 
input line 456.
(pdftex.def)             Requested size: 1188.43712pt x 372.39034pt.

Underfull \hbox (badness 10000) in paragraph at lines 458--459

 []

[4 <./wikipedia_views_files/wikipedia_views_9_1.png>]
<wikipedia_views_files/wikipedia_views_20_1.png, id=135, 1158.3275pt x 365.365p
t>
File: wikipedia_views_files/wikipedia_views_20_1.png Graphic file (type png)
 <use wikipedia_views_files/wikipedia_views_20_1.png>
Package pdftex.def Info: wikipedia_views_files/wikipedia_views_20_1.png used on
 input line 557.
(pdftex.def)             Requested size: 1158.32468pt x 365.3641pt.
 [5]
Underfull \hbox (badness 10000) in paragraph at lines 559--560

 []

[6 <./wikipedia_views_files/wikipedia_views_20_1.png>]
<wikipedia_views_files/wikipedia_views_27_1.png, id=145, 1194.4625pt x 345.29pt
>
File: wikipedia_views_files/wikipedia_views_27_1.png Graphic file (type png)
 <use wikipedia_views_files/wikipedia_views_27_1.png>
Package pdftex.def Info: wikipedia_views_files/wikipedia_views_27_1.png used on
 input line 647.
(pdftex.def)             Requested size: 1194.45958pt x 345.28914pt.

Underfull \hbox (badness 10000) in paragraph at lines 649--650

 []


<wikipedia_views_files/wikipedia_views_29_0.png, id=146, 1178.4025pt x 355.3275
pt>
File: wikipedia_views_files/wikipedia_views_29_0.png Graphic file (type png)
 <use wikipedia_views_files/wikipedia_views_29_0.png>
Package pdftex.def Info: wikipedia_views_files/wikipedia_views_29_0.png used on
 input line 659.
(pdftex.def)             Requested size: 1178.39963pt x 355.32661pt.

Underfull \hbox (badness 10000) in paragraph at lines 661--662

 []

[7 <./wikipedia_views_files/wikipedia_views_27_1.png> <./wikipedia_views_files/
wikipedia_views_29_0.png>]
<wikipedia_views_files/wikipedia_views_33_0.png, id=154, 261.97874pt x 256.96pt
>
File: wikipedia_views_files/wikipedia_views_33_0.png Graphic file (type png)
 <use wikipedia_views_files/wikipedia_views_33_0.png>
Package pdftex.def Info: wikipedia_views_files/wikipedia_views_33_0.png used on
 input line 692.
(pdftex.def)             Requested size: 261.9781pt x 256.95937pt.

Underfull \hbox (badness 10000) in paragraph at lines 694--695

 []


<wikipedia_views_files/wikipedia_views_35_1.png, id=155, 1168.365pt x 323.2075p
t>
File: wikipedia_views_files/wikipedia_views_35_1.png Graphic file (type png)
 <use wikipedia_views_files/wikipedia_views_35_1.png>
Package pdftex.def Info: wikipedia_views_files/wikipedia_views_35_1.png used on
 input line 710.
(pdftex.def)             Requested size: 1168.36215pt x 323.20671pt.
 [8 <./wikipedia_views_files/wikipedia_views_33_0.png>]
Underfull \hbox (badness 10000) in paragraph at lines 712--713

 []


<wikipedia_views_files/wikipedia_views_37_1.png, id=161, 1182.4175pt x 323.2075
pt>
File: wikipedia_views_files/wikipedia_views_37_1.png Graphic file (type png)
 <use wikipedia_views_files/wikipedia_views_37_1.png>
Package pdftex.def Info: wikipedia_views_files/wikipedia_views_37_1.png used on
 input line 729.
(pdftex.def)             Requested size: 1182.41461pt x 323.20671pt.

Underfull \hbox (badness 10000) in paragraph at lines 731--732

 []


<wikipedia_views_files/wikipedia_views_39_1.png, id=162, 1194.4625pt x 355.3275
pt>
File: wikipedia_views_files/wikipedia_views_39_1.png Graphic file (type png)
 <use wikipedia_views_files/wikipedia_views_39_1.png>
Package pdftex.def Info: wikipedia_views_files/wikipedia_views_39_1.png used on
 input line 745.
(pdftex.def)             Requested size: 1194.45958pt x 355.32661pt.

Underfull \hbox (badness 10000) in paragraph at lines 747--748

 []

[9 <./wikipedia_views_files/wikipedia_views_35_1.png> <./wikipedia_views_files/
wikipedia_views_37_1.png> <./wikipedia_views_files/wikipedia_views_39_1.png>]
[10]
<wikipedia_views_files/wikipedia_views_48_1.png, id=174, 1182.4175pt x 323.2075
pt>
File: wikipedia_views_files/wikipedia_views_48_1.png Graphic file (type png)
 <use wikipedia_views_files/wikipedia_views_48_1.png>
Package pdftex.def Info: wikipedia_views_files/wikipedia_views_48_1.png used on
 input line 830.
(pdftex.def)             Requested size: 1182.41461pt x 323.20671pt.

Underfull \hbox (badness 10000) in paragraph at lines 832--833

 []


<wikipedia_views_files/wikipedia_views_50_1.png, id=175, 1190.4475pt x 355.3275
pt>
File: wikipedia_views_files/wikipedia_views_50_1.png Graphic file (type png)
 <use wikipedia_views_files/wikipedia_views_50_1.png>
Package pdftex.def Info: wikipedia_views_files/wikipedia_views_50_1.png used on
 input line 849.
(pdftex.def)             Requested size: 1190.4446pt x 355.32661pt.

Underfull \hbox (badness 10000) in paragraph at lines 851--852

 []

[11 <./wikipedia_views_files/wikipedia_views_48_1.png> <./wikipedia_views_files
/wikipedia_views_50_1.png>]
<wikipedia_views_files/wikipedia_views_53_1.png, id=183, 1194.4625pt x 355.3275
pt>
File: wikipedia_views_files/wikipedia_views_53_1.png Graphic file (type png)
 <use wikipedia_views_files/wikipedia_views_53_1.png>
Package pdftex.def Info: wikipedia_views_files/wikipedia_views_53_1.png used on
 input line 882.
(pdftex.def)             Requested size: 1194.45958pt x 355.32661pt.

Underfull \hbox (badness 10000) in paragraph at lines 884--885

 []

[12 <./wikipedia_views_files/wikipedia_views_53_1.png>]
<wikipedia_views_files/wikipedia_views_60_0.png, id=189, 1177.39874pt x 365.365
pt>
File: wikipedia_views_files/wikipedia_views_60_0.png Graphic file (type png)
 <use wikipedia_views_files/wikipedia_views_60_0.png>
Package pdftex.def Info: wikipedia_views_files/wikipedia_views_60_0.png used on
 input line 950.
(pdftex.def)             Requested size: 1177.39587pt x 365.3641pt.

Underfull \hbox (badness 10000) in paragraph at lines 952--953

 []

[13 <./wikipedia_views_files/wikipedia_views_60_0.png>]
LaTeX Font Info:    Try loading font information for OMS+pcr on input line 996.


(/usr/share/texlive/texmf-dist/tex/latex/psnfss/omspcr.fd
File: omspcr.fd 
)
LaTeX Font Info:    Font shape `OMS/pcr/m/n' in size <10> not available
(Font)              Font shape `OMS/cmsy/m/n' tried instead on input line 996.

(/usr/share/texlive/texmf-dist/tex/latex/ucs/data/uni-0.def
File: uni-0.def 2013/05/13 UCS: Unicode data U+0000..U+00FF
) [14]
<wikipedia_views_files/wikipedia_views_70_0.png, id=200, 1171.37625pt x 313.17p
t>
File: wikipedia_views_files/wikipedia_views_70_0.png Graphic file (type png)
 <use wikipedia_views_files/wikipedia_views_70_0.png>
Package pdftex.def Info: wikipedia_views_files/wikipedia_views_70_0.png used on
 input line 1102.
(pdftex.def)             Requested size: 1171.3734pt x 313.16922pt.

Underfull \hbox (badness 10000) in paragraph at lines 1104--1105

 []

[15 <./wikipedia_views_files/wikipedia_views_70_0.png>]
<wikipedia_views_files/wikipedia_views_73_1.png, id=206, 1171.37625pt x 323.207
5pt>
File: wikipedia_views_files/wikipedia_views_73_1.png Graphic file (type png)
 <use wikipedia_views_files/wikipedia_views_73_1.png>
Package pdftex.def Info: wikipedia_views_files/wikipedia_views_73_1.png used on
 input line 1129.
(pdftex.def)             Requested size: 1171.3734pt x 323.20671pt.

Underfull \hbox (badness 10000) in paragraph at lines 1131--1132

 []

[16 <./wikipedia_views_files/wikipedia_views_73_1.png>]
<wikipedia_views_files/wikipedia_views_76_1.png, id=212, 1171.37625pt x 313.17p
t>
File: wikipedia_views_files/wikipedia_views_76_1.png Graphic file (type png)
 <use wikipedia_views_files/wikipedia_views_76_1.png>
Package pdftex.def Info: wikipedia_views_files/wikipedia_views_76_1.png used on
 input line 1182.
(pdftex.def)             Requested size: 1171.3734pt x 313.16922pt.

Underfull \hbox (badness 10000) in paragraph at lines 1184--1185

 []


<wikipedia_views_files/wikipedia_views_78_0.png, id=213, 1150.2975pt x 355.3275
pt>
File: wikipedia_views_files/wikipedia_views_78_0.png Graphic file (type png)
 <use wikipedia_views_files/wikipedia_views_78_0.png>
Package pdftex.def Info: wikipedia_views_files/wikipedia_views_78_0.png used on
 input line 1198.
(pdftex.def)             Requested size: 1150.29471pt x 355.32661pt.

Underfull \hbox (badness 10000) in paragraph at lines 1200--1201

 []


Overfull \hbox (342.21915pt too wide) in paragraph at lines 1220--1221
[]\OT1/cmr/m/n/10 https://en.wikipedia.org/wiki/Special:ApiSandbox#action=query
&list=categorymembers&format=json&cmtitle=Category%3A%20Medical%20treatments&cm
limit=100&redirects= 
 []

[17 <./wikipedia_views_files/wikipedia_views_76_1.png> <./wikipedia_views_files
/wikipedia_views_78_0.png>] [18]
<wikipedia_views_files/wikipedia_views_87_1.png, id=224, 1150.2975pt x 355.3275
pt>
File: wikipedia_views_files/wikipedia_views_87_1.png Graphic file (type png)
 <use wikipedia_views_files/wikipedia_views_87_1.png>
Package pdftex.def Info: wikipedia_views_files/wikipedia_views_87_1.png used on
 input line 1318.
(pdftex.def)             Requested size: 1150.29471pt x 355.32661pt.

Underfull \hbox (badness 10000) in paragraph at lines 1320--1321

 []

[19 <./wikipedia_views_files/wikipedia_views_87_1.png>]
<wikipedia_views_files/wikipedia_views_92_1.png, id=231, 1136.245pt x 323.2075p
t>
File: wikipedia_views_files/wikipedia_views_92_1.png Graphic file (type png)
 <use wikipedia_views_files/wikipedia_views_92_1.png>
Package pdftex.def Info: wikipedia_views_files/wikipedia_views_92_1.png used on
 input line 1376.
(pdftex.def)             Requested size: 1136.24222pt x 323.20671pt.

Underfull \hbox (badness 10000) in paragraph at lines 1378--1379

 []


<wikipedia_views_files/wikipedia_views_94_0.png, id=232, 1149.29375pt x 365.365
pt>
File: wikipedia_views_files/wikipedia_views_94_0.png Graphic file (type png)
 <use wikipedia_views_files/wikipedia_views_94_0.png>
Package pdftex.def Info: wikipedia_views_files/wikipedia_views_94_0.png used on
 input line 1392.
(pdftex.def)             Requested size: 1149.29095pt x 365.3641pt.

Underfull \hbox (badness 10000) in paragraph at lines 1394--1395

 []

Package atveryend Info: Empty hook `BeforeClearDocument' on input line 1405.
[20 <./wikipedia_views_files/wikipedia_views_92_1.png> <./wikipedia_views_files
/wikipedia_views_94_0.png>]
Package atveryend Info: Empty hook `AfterLastShipout' on input line 1405.
 (./wikipedia_views.aux)
Package atveryend Info: Executing hook `AtVeryEndDocument' on input line 1405.
Package atveryend Info: Executing hook `AtEndAfterFileList' on input line 1405.

Package rerunfilecheck Info: File `wikipedia_views.out' has not changed.
(rerunfilecheck)             Checksum: 34B365E58D701F193877F24BD4BEEF1C;1879.


LaTeX Warning: Label(s) may have changed. Rerun to get cross-references right.

Package atveryend Info: Empty hook `AtVeryVeryEnd' on input line 1405.
 ) 
Here is how much of TeX's memory you used:
 8922 strings out of 493304
 132631 string characters out of 6139870
 237472 words of memory out of 5000000
 12168 multiletter control sequences out of 15000+600000
 11797 words of font info for 44 fonts, out of 8000000 for 9000
 957 hyphenation exceptions out of 8191
 36i,6n,35p,552b,670s stack positions out of 5000i,500n,10000p,200000b,80000s
{/usr/share/texlive/texmf-dist/fonts/enc/dvips/base/8r.enc}</usr/share/texliv
e/texmf-dist/fonts/type1/public/amsfonts/cm/cmbx10.pfb></usr/share/texlive/texm
f-dist/fonts/type1/public/amsfonts/cm/cmbx12.pfb></usr/share/texlive/texmf-dist
/fonts/type1/public/amsfonts/cm/cmr10.pfb></usr/share/texlive/texmf-dist/fonts/
type1/public/amsfonts/cm/cmr12.pfb></usr/share/texlive/texmf-dist/fonts/type1/p
ublic/amsfonts/cm/cmr17.pfb></usr/share/texlive/texmf-dist/fonts/type1/public/a
msfonts/cm/cmsy10.pfb></usr/share/texlive/texmf-dist/fonts/type1/public/amsfont
s/cm/cmti10.pfb></usr/share/texlive/texmf-dist/fonts/type1/urw/courier/ucrb8a.p
fb></usr/share/texlive/texmf-dist/fonts/type1/urw/courier/ucrr8a.pfb></usr/shar
e/texlive/texmf-dist/fonts/type1/urw/courier/ucrro8a.pfb>
Output written on wikipedia_views.pdf (20 pages, 955963 bytes).
PDF statistics:
 287 PDF objects out of 1000 (max. 8388607)
 214 compressed objects within 3 object streams
 47 named destinations out of 1000 (max. 500000)
 296 words of extra memory for PDF output out of 10000 (max. 10000000)

