\BOOKMARK [1][-]{section.1}{Wikipedia Page Views and Signal Processing of Time Series}{}% 1
\BOOKMARK [2][-]{subsection.1.1}{Version Information}{section.1}% 2
\BOOKMARK [2][-]{subsection.1.2}{Core Logic For Downloading the Data}{section.1}% 3
\BOOKMARK [2][-]{subsection.1.3}{Getting the Tarceva Stats}{section.1}% 4
\BOOKMARK [2][-]{subsection.1.4}{Time Series}{section.1}% 5
\BOOKMARK [2][-]{subsection.1.5}{Covariates}{section.1}% 6
\BOOKMARK [2][-]{subsection.1.6}{Correlation}{section.1}% 7
\BOOKMARK [2][-]{subsection.1.7}{GLM with statsmodels}{section.1}% 8
\BOOKMARK [1][-]{section.2}{Moving on with numerical analysis technics}{}% 9
\BOOKMARK [2][-]{subsection.2.1}{Filtering and FFT}{section.2}% 10
\BOOKMARK [3][-]{subsubsection.2.1.1}{Filtering via Convolution}{subsection.2.1}% 11
\BOOKMARK [3][-]{subsubsection.2.1.2}{Before the Filter}{subsection.2.1}% 12
\BOOKMARK [3][-]{subsubsection.2.1.3}{After the Filter}{subsection.2.1}% 13
\BOOKMARK [3][-]{subsubsection.2.1.4}{FFT After Filtering}{subsection.2.1}% 14
\BOOKMARK [2][-]{subsection.2.2}{Find peaks}{section.2}% 15
\BOOKMARK [3][-]{subsubsection.2.2.1}{The Savitzky-Golay filer was taken from here:}{subsection.2.2}% 16
\BOOKMARK [3][-]{subsubsection.2.2.2}{Threshold the Peaks}{subsection.2.2}% 17
\BOOKMARK [2][-]{subsection.2.3}{Print the periods of interest}{section.2}% 18
\BOOKMARK [2][-]{subsection.2.4}{Get Random Pages}{section.2}% 19
\BOOKMARK [1][-]{section.3}{Averaging Time Series}{}% 20
\BOOKMARK [2][-]{subsection.3.1}{Interpolate}{section.3}% 21
\BOOKMARK [2][-]{subsection.3.2}{Weighted Average}{section.3}% 22
\BOOKMARK [2][-]{subsection.3.3}{Mediawiki API}{section.3}% 23
\BOOKMARK [2][-]{subsection.3.4}{Detrend The Original Tarceva Data}{section.3}% 24
\BOOKMARK [2][-]{subsection.3.5}{I couln't get the sink out of my kitchen but there's always the next presentation.}{section.3}% 25
